<?xml version="1.0" encoding="UTF-8"?>
<testng-results ignored="0" total="1" passed="1" failed="0" skipped="0">
  <reporter-output>
  </reporter-output>
  <suite started-at="2025-07-18T11:41:50 IST" name="Testing_Suite" finished-at="2025-07-18T11:41:56 IST" duration-ms="5979">
    <groups>
      <group name="cucumber">
        <method signature="AbstractTestNGCucumberTests.runScenario(io.cucumber.testng.PickleWrapper,io.cucumber.testng.FeatureWrapper)[pri:0, instance:Runner.Runnerclass@49ec71f8]" name="runScenario" class="io.cucumber.testng.AbstractTestNGCucumberTests"/>
      </group> <!-- cucumber -->
    </groups>
    <test started-at="2025-07-18T11:41:50 IST" name="RegressionTest" finished-at="2025-07-18T11:41:56 IST" duration-ms="5979">
      <class name="Runner.Runnerclass">
        <test-method is-config="true" signature="setUpClass(org.testng.ITestContext)[pri:0, instance:Runner.Runnerclass@49ec71f8]" started-at="2025-07-18T11:41:50 IST" name="setUpClass" finished-at="2025-07-18T11:41:51 IST" duration-ms="591" status="PASS">
          <params>
            <param index="0">
              <value>
                <![CDATA[org.testng.TestRunner@feb098f]]>
              </value>
            </param>
          </params>
          <reporter-output>
          </reporter-output>
        </test-method> <!-- setUpClass -->
        <test-method signature="runScenario(io.cucumber.testng.PickleWrapper,io.cucumber.testng.FeatureWrapper)[pri:0, instance:Runner.Runnerclass@49ec71f8]" started-at="2025-07-18T11:41:51 IST" name="runScenario" description="Runs Cucumber Scenarios" data-provider="scenarios" finished-at="2025-07-18T11:41:56 IST" duration-ms="5105" status="PASS">
          <params>
            <param index="0">
              <value>
                <![CDATA["create facebook acount"]]>
              </value>
            </param>
            <param index="1">
              <value>
                <![CDATA["Sign Up feature"]]>
              </value>
            </param>
          </params>
          <reporter-output>
          </reporter-output>
        </test-method> <!-- runScenario -->
        <test-method is-config="true" signature="tearDownClass()[pri:0, instance:Runner.Runnerclass@49ec71f8]" started-at="2025-07-18T11:41:56 IST" name="tearDownClass" finished-at="2025-07-18T11:41:56 IST" duration-ms="250" status="PASS">
          <reporter-output>
          </reporter-output>
        </test-method> <!-- tearDownClass -->
      </class> <!-- Runner.Runnerclass -->
    </test> <!-- RegressionTest -->
  </suite> <!-- Testing_Suite -->
</testng-results>
