<?xml version="1.0" encoding="UTF-8"?>
<testng-results ignored="0" total="3" passed="3" failed="0" skipped="0">
  <reporter-output>
  </reporter-output>
  <suite started-at="2025-07-21T14:28:36 IST" name="Testing_Suite" finished-at="2025-07-21T14:28:47 IST" duration-ms="10719">
    <groups>
      <group name="cucumber">
        <method signature="AbstractTestNGCucumberTests.runScenario(io.cucumber.testng.PickleWrapper,io.cucumber.testng.FeatureWrapper)[pri:0, instance:Runner.Runnerclass@49ec71f8]" name="runScenario" class="io.cucumber.testng.AbstractTestNGCucumberTests"/>
      </group> <!-- cucumber -->
    </groups>
    <test started-at="2025-07-21T14:28:36 IST" name="RegressionTest" finished-at="2025-07-21T14:28:47 IST" duration-ms="10719">
      <class name="Runner.Runnerclass">
        <test-method is-config="true" signature="setUpClass(org.testng.ITestContext)[pri:0, instance:Runner.Runnerclass@49ec71f8]" started-at="2025-07-21T14:28:36 IST" name="setUpClass" finished-at="2025-07-21T14:28:37 IST" duration-ms="668" status="PASS">
          <params>
            <param index="0">
              <value>
                <![CDATA[org.testng.TestRunner@10177794]]>
              </value>
            </param>
          </params>
          <reporter-output>
          </reporter-output>
        </test-method> <!-- setUpClass -->
        <test-method signature="runScenario(io.cucumber.testng.PickleWrapper,io.cucumber.testng.FeatureWrapper)[pri:0, instance:Runner.Runnerclass@49ec71f8]" started-at="2025-07-21T14:28:37 IST" name="runScenario" description="Runs Cucumber Scenarios" data-provider="scenarios" finished-at="2025-07-21T14:28:41 IST" duration-ms="3959" status="PASS">
          <params>
            <param index="0">
              <value>
                <![CDATA["Validate the login functionality with valid username and password"]]>
              </value>
            </param>
            <param index="1">
              <value>
                <![CDATA["login feature"]]>
              </value>
            </param>
          </params>
          <reporter-output>
          </reporter-output>
        </test-method> <!-- runScenario -->
        <test-method signature="runScenario(io.cucumber.testng.PickleWrapper,io.cucumber.testng.FeatureWrapper)[pri:0, instance:Runner.Runnerclass@49ec71f8]" started-at="2025-07-21T14:28:41 IST" name="runScenario" description="Runs Cucumber Scenarios" data-provider="scenarios" finished-at="2025-07-21T14:28:44 IST" duration-ms="2937" status="PASS">
          <params>
            <param index="0">
              <value>
                <![CDATA["Validate the login functionality with valid username and password"]]>
              </value>
            </param>
            <param index="1">
              <value>
                <![CDATA["login feature"]]>
              </value>
            </param>
          </params>
          <reporter-output>
          </reporter-output>
        </test-method> <!-- runScenario -->
        <test-method signature="runScenario(io.cucumber.testng.PickleWrapper,io.cucumber.testng.FeatureWrapper)[pri:0, instance:Runner.Runnerclass@49ec71f8]" started-at="2025-07-21T14:28:44 IST" name="runScenario" description="Runs Cucumber Scenarios" data-provider="scenarios" finished-at="2025-07-21T14:28:47 IST" duration-ms="2883" status="PASS">
          <params>
            <param index="0">
              <value>
                <![CDATA["Validate the login functionality with valid username and password"]]>
              </value>
            </param>
            <param index="1">
              <value>
                <![CDATA["login feature"]]>
              </value>
            </param>
          </params>
          <reporter-output>
          </reporter-output>
        </test-method> <!-- runScenario -->
        <test-method is-config="true" signature="tearDownClass()[pri:0, instance:Runner.Runnerclass@49ec71f8]" started-at="2025-07-21T14:28:47 IST" name="tearDownClass" finished-at="2025-07-21T14:28:47 IST" duration-ms="236" status="PASS">
          <reporter-output>
          </reporter-output>
        </test-method> <!-- tearDownClass -->
      </class> <!-- Runner.Runnerclass -->
    </test> <!-- RegressionTest -->
  </suite> <!-- Testing_Suite -->
</testng-results>
